<?xml version="1.0" encoding="UTF-8"?>
<testsuite name="SampleTest" tests="13" skipped="0" failures="0" errors="0" timestamp="2023-09-19T10:57:46" hostname="DESKTOP-GQK5CU4" time="0.109">
  <properties/>
  <testcase name="oneElement()" classname="SampleTest" time="0.05"/>
  <testcase name="someEqualItems2()" classname="SampleTest" time="0.002"/>
  <testcase name="negativeItems()" classname="SampleTest" time="0.002"/>
  <testcase name="heapifyTest()" classname="SampleTest" time="0.002"/>
  <testcase name="swapTest()" classname="SampleTest" time="0.003"/>
  <testcase name="mainTest()" classname="SampleTest" time="0.01"/>
  <testcase name="empty()" classname="SampleTest" time="0.001"/>
  <testcase name="manyItems()" classname="SampleTest" time="0.002"/>
  <testcase name="evenCountOfElements()" classname="SampleTest" time="0.002"/>
  <testcase name="differentElements()" classname="SampleTest" time="0.001"/>
  <testcase name="twoElements()" classname="SampleTest" time="0.001"/>
  <testcase name="allEqual()" classname="SampleTest" time="0.001"/>
  <testcase name="someEqualItems()" classname="SampleTest" time="0.003"/>
  <system-out><![CDATA[1
2
3
4
5
]]></system-out>
  <system-err><![CDATA[]]></system-err>
</testsuite>
